{"level":"info","message":"API server start at port 3000","timestamp":"2022-10-07 14:57:29"}
{"level":"info","message":"API server start at port 3000","timestamp":"2022-10-07 15:03:17"}
{"level":"info","message":"API server start at port 3000","timestamp":"2022-10-07 15:07:57"}
{"level":"info","message":"API server start at port 3000","timestamp":"2022-10-07 15:08:23"}
{"level":"info","message":"API server start at port 3000","timestamp":"2022-10-07 15:08:26"}
{"level":"info","message":"API server start at port 3000","timestamp":"2022-10-07 15:10:16"}
{"level":"info","message":"API server start at port 3000","timestamp":"2022-10-07 15:20:11"}
{"level":"info","message":"API server start at port 3000","timestamp":"2022-10-07 15:20:14"}
{"level":"info","message":"API server start at port 3000","timestamp":"2022-10-07 15:21:35"}
{"level":"info","message":"API server start at port 3000","timestamp":"2022-10-07 15:21:44"}
{"level":"info","message":"API server start at port 3000","timestamp":"2022-10-07 15:22:06"}
{"level":"info","message":"API server start at port 3000","timestamp":"2022-10-07 15:28:05"}
{"level":"info","message":"API server start at port 3000","timestamp":"2022-10-07 15:29:59"}
{"level":"info","message":"API server start at port 3000","timestamp":"2022-10-07 15:31:28"}
{"level":"info","message":"API server start at port 3000","timestamp":"2022-10-07 15:32:24"}
{"level":"info","message":"API server start at port 3000","timestamp":"2022-10-07 16:03:54"}
{"level":"info","message":"API server start at port 3000","timestamp":"2022-10-07 16:04:23"}
{"level":"info","message":"API server start at port 3000","timestamp":"2022-10-07 16:04:54"}
{"level":"info","message":"API server start at port 3000","timestamp":"2022-10-07 16:05:38"}
{"level":"info","message":"API server start at port 3000","timestamp":"2022-10-07 16:05:51"}
{"level":"info","message":"API server start at port 3000","timestamp":"2022-10-07 16:06:28"}
{"level":"info","message":"API server start at port 3000","timestamp":"2022-10-07 16:09:03"}
{"level":"info","message":"API server start at port 3000","timestamp":"2022-10-07 16:09:28"}
{"level":"info","message":"API server start at port 3000","timestamp":"2022-10-07 16:09:39"}
{"level":"info","message":"API server start at port 3000","timestamp":"2022-10-07 16:09:50"}
{"level":"info","message":"API server start at port 3000","timestamp":"2022-10-07 16:10:52"}
{"level":"info","message":"API server start at port 3000","timestamp":"2022-10-07 16:11:06"}
{"level":"info","message":"API server start at port 3000","timestamp":"2022-10-07 16:11:29"}
{"level":"info","message":"API server start at port 3000","timestamp":"2022-10-07 16:12:29"}
{"level":"info","message":"API server start at port 3000","timestamp":"2022-10-07 16:13:20"}
{"level":"info","message":"API server start at port 3000","timestamp":"2022-10-07 16:15:00"}
{"level":"info","message":"API server start at port 3000","timestamp":"2022-10-07 16:15:20"}
{"level":"info","message":"API server start at port 3000","timestamp":"2022-10-07 16:15:53"}
{"level":"info","message":"API server start at port 3000","timestamp":"2022-10-07 16:18:23"}
{"level":"info","message":"API server start at port 3000","timestamp":"2022-10-07 16:21:16"}
{"level":"info","message":"API server start at port 3000","timestamp":"2022-10-07 16:21:34"}
{"level":"info","message":"API server start at port 3000","timestamp":"2022-10-07 16:25:00"}
{"level":"info","message":"API server start at port 3000","timestamp":"2022-10-07 16:25:18"}
{"level":"info","message":"API server start at port 3000","timestamp":"2022-10-07 16:25:51"}
{"level":"info","message":"API server start at port 3000","timestamp":"2022-10-07 16:26:03"}
{"level":"info","message":"API server start at port 3000","timestamp":"2022-10-07 16:26:39"}
{"level":"info","message":"API server start at port 3000","timestamp":"2022-10-07 16:33:51"}
{"level":"info","message":"API server start at port 3000","timestamp":"2022-10-07 16:39:40"}
{"level":"info","message":"API server start at port 3000","timestamp":"2022-10-07 16:40:21"}
{"level":"info","message":"API server start at port 3000","timestamp":"2022-10-07 16:40:53"}
{"level":"info","message":"API server start at port 3000","timestamp":"2022-10-07 16:43:27"}
{"level":"info","message":"API server start at port 3000","timestamp":"2022-10-07 16:44:14"}
{"level":"info","message":"API server start at port 3000","timestamp":"2022-10-07 16:44:18"}
{"level":"info","message":"API server start at port 3000","timestamp":"2022-10-07 16:45:13"}
{"level":"info","message":"API server start at port 3000","timestamp":"2022-10-07 16:45:55"}
{"level":"info","message":"API server start at port 3000","timestamp":"2022-10-07 16:51:09"}
{"level":"info","message":"API server start at port 3000","timestamp":"2022-10-07 16:53:20"}
{"level":"error","message":"insertUsers Query error\n: {\"message\":\"You have an error in your SQL syntax; check the manual that corresponds to your MySQL server version for the right syntax to use near '?)' at line 1\",\"code\":\"ER_PARSE_ERROR\",\"errno\":1064,\"sql\":\"insert into hospitals(hosID, hosName, password, hosAddress1, hosAddress2, hosNumber) values(NULL,NULL,'1234',NULL,NULL,NULL,?);\",\"sqlState\":\"42000\",\"sqlMessage\":\"You have an error in your SQL syntax; check the manual that corresponds to your MySQL server version for the right syntax to use near '?)' at line 1\"}","timestamp":"2022-10-07 16:54:32"}
{"level":"error","message":"createUsers Query error\n: {\"message\":\"You have an error in your SQL syntax; check the manual that corresponds to your MySQL server version for the right syntax to use near '?)' at line 1\",\"code\":\"ER_PARSE_ERROR\",\"errno\":1064,\"sql\":\"insert into hospitals(hosID, hosName, password, hosAddress1, hosAddress2, hosNumber) values(NULL,NULL,'1234',NULL,NULL,NULL,?);\",\"sqlState\":\"42000\",\"sqlMessage\":\"You have an error in your SQL syntax; check the manual that corresponds to your MySQL server version for the right syntax to use near '?)' at line 1\"}","timestamp":"2022-10-07 16:54:32"}
{"level":"info","message":"API server start at port 3000","timestamp":"2022-10-07 16:56:29"}
{"level":"error","message":"insertUsers Query error\n: {\"message\":\"Column 'hosID' cannot be null\",\"code\":\"ER_BAD_NULL_ERROR\",\"errno\":1048,\"sql\":\"insert into hospitals(hosID, hosName, password, hosAddress1, hosAddress2, hosNumber) values(NULL,NULL,'1234',NULL,NULL,NULL);\",\"sqlState\":\"23000\",\"sqlMessage\":\"Column 'hosID' cannot be null\"}","timestamp":"2022-10-07 16:56:34"}
{"level":"error","message":"createUsers Query error\n: {\"message\":\"Column 'hosID' cannot be null\",\"code\":\"ER_BAD_NULL_ERROR\",\"errno\":1048,\"sql\":\"insert into hospitals(hosID, hosName, password, hosAddress1, hosAddress2, hosNumber) values(NULL,NULL,'1234',NULL,NULL,NULL);\",\"sqlState\":\"23000\",\"sqlMessage\":\"Column 'hosID' cannot be null\"}","timestamp":"2022-10-07 16:56:34"}
{"level":"info","message":"API server start at port 3000","timestamp":"2022-10-07 16:58:19"}
{"level":"info","message":"API server start at port 3000","timestamp":"2022-10-07 16:58:46"}
{"level":"info","message":"API server start at port 3000","timestamp":"2022-10-07 16:58:52"}
{"level":"error","message":"insertUsers Query error\n: {\"message\":\"Column 'hosID' cannot be null\",\"code\":\"ER_BAD_NULL_ERROR\",\"errno\":1048,\"sql\":\"insert into hospitals(hosID, hosName, password, hosAddress1, hosAddress2, hosNumber) values(NULL,NULL,'1234',NULL,NULL,NULL);\",\"sqlState\":\"23000\",\"sqlMessage\":\"Column 'hosID' cannot be null\"}","timestamp":"2022-10-07 16:58:54"}
{"level":"error","message":"createUsers Query error\n: {\"message\":\"Column 'hosID' cannot be null\",\"code\":\"ER_BAD_NULL_ERROR\",\"errno\":1048,\"sql\":\"insert into hospitals(hosID, hosName, password, hosAddress1, hosAddress2, hosNumber) values(NULL,NULL,'1234',NULL,NULL,NULL);\",\"sqlState\":\"23000\",\"sqlMessage\":\"Column 'hosID' cannot be null\"}","timestamp":"2022-10-07 16:58:54"}
{"level":"info","message":"API server start at port 3000","timestamp":"2022-10-07 16:59:41"}
{"level":"info","message":"API server start at port 3000","timestamp":"2022-10-07 17:01:51"}
{"level":"info","message":"API server start at port 3000","timestamp":"2022-10-07 17:02:05"}
{"level":"error","message":"insertUsers Query error\n: {\"message\":\"Column 'hosID' cannot be null\",\"code\":\"ER_BAD_NULL_ERROR\",\"errno\":1048,\"sql\":\"insert into hospitals(hosID, hosName, password, hosAddress1, hosAddress2, hosNumber) values(NULL,NULL,'1234',NULL,NULL,NULL);\",\"sqlState\":\"23000\",\"sqlMessage\":\"Column 'hosID' cannot be null\"}","timestamp":"2022-10-07 17:02:10"}
{"level":"error","message":"createUsers Query error\n: {\"message\":\"Column 'hosID' cannot be null\",\"code\":\"ER_BAD_NULL_ERROR\",\"errno\":1048,\"sql\":\"insert into hospitals(hosID, hosName, password, hosAddress1, hosAddress2, hosNumber) values(NULL,NULL,'1234',NULL,NULL,NULL);\",\"sqlState\":\"23000\",\"sqlMessage\":\"Column 'hosID' cannot be null\"}","timestamp":"2022-10-07 17:02:10"}
{"level":"info","message":"API server start at port 3000","timestamp":"2022-10-07 17:03:43"}
{"level":"error","message":"insertUsers Query error\n: {\"message\":\"Column 'hosID' cannot be null\",\"code\":\"ER_BAD_NULL_ERROR\",\"errno\":1048,\"sql\":\"insert into hospitals(hosID, hosName, password, hosAddress1, hosAddress2, hosNumber) values(NULL,'연세성모정형외과의원','1234','서울 관악구 봉천동 42-42','서울 관악구 관악로 233','02-882-4530');\",\"sqlState\":\"23000\",\"sqlMessage\":\"Column 'hosID' cannot be null\"}","timestamp":"2022-10-07 17:04:56"}
{"level":"error","message":"createUsers Query error\n: {\"message\":\"Column 'hosID' cannot be null\",\"code\":\"ER_BAD_NULL_ERROR\",\"errno\":1048,\"sql\":\"insert into hospitals(hosID, hosName, password, hosAddress1, hosAddress2, hosNumber) values(NULL,'연세성모정형외과의원','1234','서울 관악구 봉천동 42-42','서울 관악구 관악로 233','02-882-4530');\",\"sqlState\":\"23000\",\"sqlMessage\":\"Column 'hosID' cannot be null\"}","timestamp":"2022-10-07 17:04:56"}
{"level":"info","message":"API server start at port 3000","timestamp":"2022-10-07 17:06:07"}
{"level":"error","message":"insertUsers Query error\n: {\"message\":\"Column 'hosID' cannot be null\",\"code\":\"ER_BAD_NULL_ERROR\",\"errno\":1048,\"sql\":\"insert into hospitals(hosID, hosName, password, hosAddress1, hosAddress2, hosNumber) values(NULL,'연세성모정형외과의원','1234','서울 관악구 봉천동 42-42','서울 관악구 관악로 233','02-882-4530');\",\"sqlState\":\"23000\",\"sqlMessage\":\"Column 'hosID' cannot be null\"}","timestamp":"2022-10-07 17:06:08"}
{"level":"error","message":"createUsers Query error\n: {\"message\":\"Column 'hosID' cannot be null\",\"code\":\"ER_BAD_NULL_ERROR\",\"errno\":1048,\"sql\":\"insert into hospitals(hosID, hosName, password, hosAddress1, hosAddress2, hosNumber) values(NULL,'연세성모정형외과의원','1234','서울 관악구 봉천동 42-42','서울 관악구 관악로 233','02-882-4530');\",\"sqlState\":\"23000\",\"sqlMessage\":\"Column 'hosID' cannot be null\"}","timestamp":"2022-10-07 17:06:08"}
{"level":"error","message":"insertUsers Query error\n: {\"message\":\"Column 'hosID' cannot be null\",\"code\":\"ER_BAD_NULL_ERROR\",\"errno\":1048,\"sql\":\"insert into hospitals(hosID, hosName, password, hosAddress1, hosAddress2, hosNumber) values(NULL,'연세성모정형외과의원','1234','서울 관악구 봉천동 42-42','서울 관악구 관악로 233','02-882-4530');\",\"sqlState\":\"23000\",\"sqlMessage\":\"Column 'hosID' cannot be null\"}","timestamp":"2022-10-07 17:06:11"}
{"level":"error","message":"createUsers Query error\n: {\"message\":\"Column 'hosID' cannot be null\",\"code\":\"ER_BAD_NULL_ERROR\",\"errno\":1048,\"sql\":\"insert into hospitals(hosID, hosName, password, hosAddress1, hosAddress2, hosNumber) values(NULL,'연세성모정형외과의원','1234','서울 관악구 봉천동 42-42','서울 관악구 관악로 233','02-882-4530');\",\"sqlState\":\"23000\",\"sqlMessage\":\"Column 'hosID' cannot be null\"}","timestamp":"2022-10-07 17:06:11"}
{"level":"info","message":"API server start at port 3000","timestamp":"2022-10-07 17:06:38"}
{"level":"error","message":"insertUsers Query error\n: {}","timestamp":"2022-10-07 17:10:12"}
{"level":"error","message":"insertUsers Query error\n: {}","timestamp":"2022-10-07 17:10:22"}
{"level":"info","message":"API server start at port 3000","timestamp":"2022-10-07 17:23:45"}
{"level":"error","message":"insertUsers Query error\n: {\"message\":\"Field 'category' doesn't have a default value\",\"code\":\"ER_NO_DEFAULT_FOR_FIELD\",\"errno\":1364,\"sql\":\"insert into hospitals(hosID, hosName, password, hosAddress1, hosAddress2, hosNumber) values('yeonsei_jh','연세성모정형외과의원','1234','서울 관악구 봉천동 42-42','서울 관악구 관악로 233','02-882-4530');\",\"sqlState\":\"HY000\",\"sqlMessage\":\"Field 'category' doesn't have a default value\"}","timestamp":"2022-10-07 17:24:31"}
{"level":"error","message":"createUsers Query error\n: {\"message\":\"Field 'category' doesn't have a default value\",\"code\":\"ER_NO_DEFAULT_FOR_FIELD\",\"errno\":1364,\"sql\":\"insert into hospitals(hosID, hosName, password, hosAddress1, hosAddress2, hosNumber) values('yeonsei_jh','연세성모정형외과의원','1234','서울 관악구 봉천동 42-42','서울 관악구 관악로 233','02-882-4530');\",\"sqlState\":\"HY000\",\"sqlMessage\":\"Field 'category' doesn't have a default value\"}","timestamp":"2022-10-07 17:24:31"}
{"level":"info","message":"API server start at port 3000","timestamp":"2022-10-07 17:29:47"}
